<?xml version="1.0" encoding="UTF-8"?>
<!-- Generated by org.testng.reporters.JUnitXMLReporter -->
<testsuite ignored="0" hostname="ChandNaz" failures="0" tests="2" name="Error Validation Test" time="23.33" errors="0" timestamp="24 Dec 2023 15:58:42 GMT">
  <testcase classname="ChandNaz.Tests.ErrorValidationTest" name="LoginErrorValidation" time="0.808"/>
  <testcase classname="ChandNaz.Tests.ErrorValidationTest" name="ProductErrorValidation" time="6.831"/>
</testsuite> <!-- Error Validation Test -->
