<?xml version="1.0" encoding="UTF-8"?>
<!-- Generated by org.testng.reporters.JUnitXMLReporter -->
<testsuite ignored="0" hostname="ChandNaz" failures="0" tests="2" name="Submit Order Test" time="0.939" errors="0" timestamp="24 Dec 2023 15:58:20 GMT">
  <testcase classname="ChandNaz.Tests.SubmitOrderTest" name="submitOrder" time="0.0">
    <skipped/>
  </testcase> <!-- submitOrder -->
  <testcase classname="ChandNaz.Tests.SubmitOrderTest" name="VerifyOrders" time="0.0">
    <skipped/>
  </testcase> <!-- VerifyOrders -->
</testsuite> <!-- Submit Order Test -->
