<?xml version="1.0" encoding="UTF-8"?>
<!-- Generated by org.testng.reporters.JUnitXMLReporter -->
<testsuite ignored="2" hostname="ChandNaz" failures="0" tests="0" time="0.034" errors="0" timestamp="2024-03-09T12:57:05 IST">
  <testcase classname="ChandNaz.Tests.SubmitOrderTest" name="submitOrder" time="0.0">
    <ignored/>
  </testcase> <!-- submitOrder -->
  <testcase classname="ChandNaz.Tests.SubmitOrderTest" name="VerifyOrders" time="0.0">
    <ignored/>
  </testcase> <!-- VerifyOrders -->
</testsuite>
