<?xml version="1.0" encoding="UTF-8"?>
<!-- Generated by org.testng.reporters.JUnitXMLReporter -->
<testsuite ignored="0" hostname="ChandNaz" failures="1" tests="2" name="Submit Order Test with Excel" time="29.971" errors="0" timestamp="2023-12-28T10:24:59 IST">
  <testcase classname="ChandNaz.Tests.SubmitOrderTestwithExcel" name="submitOrderExcel" time="20.41"/>
  <testcase classname="ChandNaz.Tests.SubmitOrderTestwithExcel" name="VerifyOrders" time="0.129">
    <failure type="org.testng.internal.reflect.MethodMatcherException" message="
[public void ChandNaz.Tests.SubmitOrderTestwithExcel.VerifyOrders(java.lang.String,java.lang.String,java.lang.String)] has no parameters defined but was found to be using a data provider (either explicitly specified or inherited from class level annotation).
Data provider mismatch
Method: VerifyOrders([java.lang.String arg0, java.lang.String arg1, java.lang.String arg2])
Arguments: [(java.lang.String) dummy786@gmail.com,(java.lang.String) !T34567t,(java.lang.String) ZARA COAT 3,(java.lang.String) IPHONE 13 PRO,(java.lang.String) Austria]">
      <![CDATA[org.testng.internal.reflect.MethodMatcherException: 
[public void ChandNaz.Tests.SubmitOrderTestwithExcel.VerifyOrders(java.lang.String,java.lang.String,java.lang.String)] has no parameters defined but was found to be using a data provider (either explicitly specified or inherited from class level annotation).
Data provider mismatch
Method: VerifyOrders([java.lang.String arg0, java.lang.String arg1, java.lang.String arg2])
Arguments: [(java.lang.String) dummy786@gmail.com,(java.lang.String) !T34567t,(java.lang.String) ZARA COAT 3,(java.lang.String) IPHONE 13 PRO,(java.lang.String) Austria]
at java.base/java.util.ArrayList.forEach(ArrayList.java:1511)
... Removed 22 stack frames]]>
    </failure>
  </testcase> <!-- VerifyOrders -->
</testsuite> <!-- Submit Order Test with Excel -->
