<?xml version="1.0" encoding="UTF-8"?>
<!-- Generated by org.testng.reporters.JUnitXMLReporter -->
<testsuite ignored="1" hostname="ChandNaz" failures="0" tests="1" name="Error Validation Test(failed)" time="8.694" errors="0" timestamp="2024-03-06T16:51:40 IST">
  <testcase classname="ChandNaz.Tests.ErrorValidationTest" name="LoginErrorValidation" time="1.239"/>
  <testcase classname="ChandNaz.Tests.ErrorValidationTest" name="ProductErrorValidation" time="0.0">
    <ignored/>
  </testcase> <!-- ProductErrorValidation -->
</testsuite> <!-- Error Validation Test(failed) -->
